#
# There is insufficient memory for the Java Runtime Environment to continue.
# Native memory allocation (mmap) failed to map 65536 bytes for Failed to commit metaspace.
# Possible reasons:
#   The system is out of physical RAM or swap space
#   The process is running with CompressedOops enabled, and the Java Heap may be blocking the growth of the native heap
# Possible solutions:
#   Reduce memory load on the system
#   Increase physical memory or swap space
#   Check if swap backing store is full
#   Decrease Java heap size (-Xmx/-Xms)
#   Decrease number of Java threads
#   Decrease Java thread stack sizes (-Xss)
#   Set larger code cache with -XX:ReservedCodeCacheSize=
#   JVM is running with Unscaled Compressed Oops mode in which the Java heap is
#     placed in the first 4GB address space. The Java Heap base address is the
#     maximum limit for the native heap growth. Please use -XX:HeapBaseMinAddress
#     to set the Java Heap base and to place the Java Heap above 4GB virtual address.
# This output file may be truncated or incomplete.
#
#  Out of Memory Error (virtualSpaceNode.cpp:110), pid=25444, tid=2340
#
# JRE version: OpenJDK Runtime Environment Temurin-17.0.6+10 (17.0.6+10) (build 17.0.6+10)
# Java VM: OpenJDK 64-Bit Server VM Temurin-17.0.6+10 (17.0.6+10, mixed mode, tiered, compressed oops, compressed class ptrs, g1 gc, windows-amd64)
# No core dump will be written. Minidumps are not enabled by default on client versions of Windows
#

---------------  S U M M A R Y ------------

Command Line: -Dfile.encoding=UTF-8 -XX:+ShowCodeDetailsInExceptionMessages org.example.main.Program

Host: Intel(R) Core(TM) i5-8300H CPU @ 2.30GHz, 8 cores, 7G,  Windows 11 , 64 bit Build 22621 (10.0.22621.1485)
Time: Thu Apr 20 01:24:10 2023 India Standard Time elapsed time: 0.287666 seconds (0d 0h 0m 0s)

---------------  T H R E A D  ---------------

Current thread (0x000002bd092561c0):  JavaThread "main" [_thread_in_vm, id=2340, stack(0x000000f041400000,0x000000f041500000)]

Stack: [0x000000f041400000,0x000000f041500000]
Native frames: (J=compiled Java code, j=interpreted, Vv=VM code, C=native code)
V  [jvm.dll+0x67741a]
V  [jvm.dll+0x834434]
V  [jvm.dll+0x835bde]
V  [jvm.dll+0x836243]
V  [jvm.dll+0x2457b5]
V  [jvm.dll+0x8304cb]
V  [jvm.dll+0x61bca6]
V  [jvm.dll+0x61bd0a]
V  [jvm.dll+0x61e52a]
V  [jvm.dll+0x61c646]
V  [jvm.dll+0x239e4f]
V  [jvm.dll+0x626445]
V  [jvm.dll+0x1ea42b]
V  [jvm.dll+0x1ea965]
V  [jvm.dll+0x1eb39f]
V  [jvm.dll+0x1e0841]
V  [jvm.dll+0x53c6d0]
V  [jvm.dll+0x1f1017]
V  [jvm.dll+0x7aea1b]
V  [jvm.dll+0x7afdc2]
V  [jvm.dll+0x7b00f8]
V  [jvm.dll+0x23dbbe]
V  [jvm.dll+0x382140]
C  0x000002bd13e2bbee

Java frames: (J=compiled Java code, j=interpreted, Vv=VM code)
j  jdk.internal.loader.BuiltinClassLoader.defineClass(Ljava/lang/String;Ljdk/internal/loader/BuiltinClassLoader$LoadedModule;)Ljava/lang/Class;+35 java.base@17.0.6
j  jdk.internal.loader.BuiltinClassLoader.findClassInModuleOrNull(Ljdk/internal/loader/BuiltinClassLoader$LoadedModule;Ljava/lang/String;)Ljava/lang/Class;+9 java.base@17.0.6
j  jdk.internal.loader.BuiltinClassLoader.findClass(Ljava/lang/String;Ljava/lang/String;)Ljava/lang/Class;+42 java.base@17.0.6
j  java.lang.ClassLoader.loadClass(Ljava/lang/Module;Ljava/lang/String;)Ljava/lang/Class;+26 java.base@17.0.6
j  java.lang.Class.forName(Ljava/lang/Module;Ljava/lang/String;)Ljava/lang/Class;+81 java.base@17.0.6
j  java.util.ServiceLoader.loadProvider(Ljdk/internal/module/ServicesCatalog$ServiceProvider;)Ljava/util/ServiceLoader$Provider;+38 java.base@17.0.6
j  java.util.ServiceLoader$ModuleServicesLookupIterator.hasNext()Z+79 java.base@17.0.6
j  java.util.ServiceLoader$2.hasNext()Z+4 java.base@17.0.6
j  java.util.ServiceLoader$3.hasNext()Z+32 java.base@17.0.6
j  sun.util.cldr.CLDRLocaleProviderAdapter.lambda$new$0()Lsun/util/locale/provider/LocaleDataMetaInfo;+10 java.base@17.0.6
j  sun.util.cldr.CLDRLocaleProviderAdapter$$Lambda$7+0x0000000100016e80.run()Ljava/lang/Object;+0 java.base@17.0.6
j  java.security.AccessController.executePrivileged(Ljava/security/PrivilegedExceptionAction;Ljava/security/AccessControlContext;Ljava/lang/Class;)Ljava/lang/Object;+29 java.base@17.0.6
j  java.security.AccessController.doPrivileged(Ljava/security/PrivilegedExceptionAction;)Ljava/lang/Object;+9 java.base@17.0.6
j  sun.util.cldr.CLDRLocaleProviderAdapter.<init>()V+9 java.base@17.0.6
v  ~StubRoutines::call_stub
j  jdk.internal.reflect.NativeConstructorAccessorImpl.newInstance0(Ljava/lang/reflect/Constructor;[Ljava/lang/Object;)Ljava/lang/Object;+0 java.base@17.0.6
j  jdk.internal.reflect.NativeConstructorAccessorImpl.newInstance([Ljava/lang/Object;)Ljava/lang/Object;+118 java.base@17.0.6
j  jdk.internal.reflect.DelegatingConstructorAccessorImpl.newInstance([Ljava/lang/Object;)Ljava/lang/Object;+5 java.base@17.0.6
j  java.lang.reflect.Constructor.newInstanceWithCaller([Ljava/lang/Object;ZLjava/lang/Class;)Ljava/lang/Object;+65 java.base@17.0.6
j  java.lang.reflect.Constructor.newInstance([Ljava/lang/Object;)Ljava/lang/Object;+30 java.base@17.0.6
j  sun.util.locale.provider.LocaleProviderAdapter.forType(Lsun/util/locale/provider/LocaleProviderAdapter$Type;)Lsun/util/locale/provider/LocaleProviderAdapter;+79 java.base@17.0.6
j  sun.util.locale.provider.LocaleProviderAdapter.findAdapter(Ljava/lang/Class;Ljava/util/Locale;)Lsun/util/locale/provider/LocaleProviderAdapter;+29 java.base@17.0.6
j  sun.util.locale.provider.LocaleProviderAdapter.getAdapter(Ljava/lang/Class;Ljava/util/Locale;)Lsun/util/locale/provider/LocaleProviderAdapter;+55 java.base@17.0.6
j  java.text.NumberFormat.getInstance(Ljava/util/Locale;Ljava/text/NumberFormat$Style;I)Ljava/text/NumberFormat;+3 java.base@17.0.6
j  java.text.NumberFormat.getNumberInstance(Ljava/util/Locale;)Ljava/text/NumberFormat;+3 java.base@17.0.6
j  java.util.Scanner.useLocale(Ljava/util/Locale;)Ljava/util/Scanner;+31 java.base@17.0.6
j  java.util.Scanner.<init>(Ljava/lang/Readable;Ljava/util/regex/Pattern;)V+243 java.base@17.0.6
j  java.util.Scanner.<init>(Ljava/io/InputStream;)V+12 java.base@17.0.6
j  org.example.main.Manager.<clinit>()V+7
v  ~StubRoutines::call_stub
j  org.example.main.Program.main([Ljava/lang/String;)V+0
v  ~StubRoutines::call_stub

---------------  P R O C E S S  ---------------

Threads class SMR info:
_java_thread_list=0x000002bd23dc2a50, length=12, elements={
0x000002bd092561c0, 0x000002bd23c3c020, 0x000002bd23145550, 0x000002bd23c5a280,
0x000002bd23c5cb50, 0x000002bd23c5d410, 0x000002bd23c5ddc0, 0x000002bd23c5eb50,
0x000002bd23cc8130, 0x000002bd23cc8640, 0x000002bd23de3d60, 0x000002bd23df0250
}

Java Threads: ( => current thread )
=>0x000002bd092561c0 JavaThread "main" [_thread_in_vm, id=2340, stack(0x000000f041400000,0x000000f041500000)]
  0x000002bd23c3c020 JavaThread "Reference Handler" daemon [_thread_blocked, id=12644, stack(0x000000f041b00000,0x000000f041c00000)]
  0x000002bd23145550 JavaThread "Finalizer" daemon [_thread_blocked, id=31316, stack(0x000000f041c00000,0x000000f041d00000)]
  0x000002bd23c5a280 JavaThread "Signal Dispatcher" daemon [_thread_blocked, id=29700, stack(0x000000f041d00000,0x000000f041e00000)]
  0x000002bd23c5cb50 JavaThread "Attach Listener" daemon [_thread_blocked, id=17760, stack(0x000000f041e00000,0x000000f041f00000)]
  0x000002bd23c5d410 JavaThread "Service Thread" daemon [_thread_blocked, id=9496, stack(0x000000f041f00000,0x000000f042000000)]
  0x000002bd23c5ddc0 JavaThread "Monitor Deflation Thread" daemon [_thread_blocked, id=25032, stack(0x000000f042000000,0x000000f042100000)]
  0x000002bd23c5eb50 JavaThread "C2 CompilerThread0" daemon [_thread_in_native, id=24728, stack(0x000000f042100000,0x000000f042200000)]
  0x000002bd23cc8130 JavaThread "C1 CompilerThread0" daemon [_thread_blocked, id=19584, stack(0x000000f042200000,0x000000f042300000)]
  0x000002bd23cc8640 JavaThread "Sweeper thread" daemon [_thread_blocked, id=28804, stack(0x000000f042300000,0x000000f042400000)]
  0x000002bd23de3d60 JavaThread "Notification Thread" daemon [_thread_blocked, id=10664, stack(0x000000f042400000,0x000000f042500000)]
  0x000002bd23df0250 JavaThread "Common-Cleaner" daemon [_thread_blocked, id=2492, stack(0x000000f042600000,0x000000f042700000)]

Other Threads:
  0x000002bd231449c0 VMThread "VM Thread" [stack: 0x000000f041a00000,0x000000f041b00000] [id=16584]
  0x000002bd092c9b80 WatcherThread [stack: 0x000000f042500000,0x000000f042600000] [id=10720]
  0x000002bd092aeeb0 GCTaskThread "GC Thread#0" [stack: 0x000000f041500000,0x000000f041600000] [id=14280]
  0x000002bd092bffb0 ConcurrentGCThread "G1 Main Marker" [stack: 0x000000f041600000,0x000000f041700000] [id=14836]
  0x000002bd092c1160 ConcurrentGCThread "G1 Conc#0" [stack: 0x000000f041700000,0x000000f041800000] [id=21952]
  0x000002bd092eec70 ConcurrentGCThread "G1 Refine#0" [stack: 0x000000f041800000,0x000000f041900000] [id=18848]
  0x000002bd22fadb90 ConcurrentGCThread "G1 Service" [stack: 0x000000f041900000,0x000000f041a00000] [id=27972]

Threads with active compile tasks:
C2 CompilerThread0      338  110       4       java.lang.String::hashCode (60 bytes)

VM state: not at safepoint (normal execution)

VM Mutex/Monitor currently owned by a thread:  ([mutex/lock_event])
[0x000002bd06f362d0] Metaspace_lock - owner thread: 0x000002bd092561c0

Heap address: 0x0000000082600000, size: 2010 MB, Compressed Oops mode: 32-bit

CDS archive(s) not mapped
Compressed class space mapped at: 0x0000000100000000-0x0000000140000000, reserved size: 1073741824
Narrow klass base: 0x0000000000000000, Narrow klass shift: 3, Narrow klass range: 0x140000000

GC Precious Log:
 CPUs: 8 total, 8 available
 Memory: 8034M
 Large Page Support: Disabled
 NUMA Support: Disabled
 Compressed Oops: Enabled (32-bit)
 Heap Region Size: 1M
 Heap Min Capacity: 8M
 Heap Initial Capacity: 126M
 Heap Max Capacity: 2010M
 Pre-touch: Disabled
 Parallel Workers: 8
 Concurrent Workers: 2
 Concurrent Refinement Workers: 8
 Periodic GC: Disabled

Heap:
 garbage-first heap   total 129024K, used 1024K [0x0000000082600000, 0x0000000100000000)
  region size 1024K, 2 young (2048K), 0 survivors (0K)
 Metaspace       used 5293K, committed 5440K, reserved 1056768K
  class space    used 420K, committed 512K, reserved 1048576K

Heap Regions: E=young(eden), S=young(survivor), O=old, HS=humongous(starts), HC=humongous(continues), CS=collection set, F=free, OA=open archive, CA=closed archive, TAMS=top-at-mark-start (previous, next)
|   0|0x0000000082600000, 0x0000000082600000, 0x0000000082700000|  0%| F|  |TAMS 0x0000000082600000, 0x0000000082600000| Untracked 
|   1|0x0000000082700000, 0x0000000082700000, 0x0000000082800000|  0%| F|  |TAMS 0x0000000082700000, 0x0000000082700000| Untracked 
|   2|0x0000000082800000, 0x0000000082800000, 0x0000000082900000|  0%| F|  |TAMS 0x0000000082800000, 0x0000000082800000| Untracked 
|   3|0x0000000082900000, 0x0000000082900000, 0x0000000082a00000|  0%| F|  |TAMS 0x0000000082900000, 0x0000000082900000| Untracked 
|   4|0x0000000082a00000, 0x0000000082a00000, 0x0000000082b00000|  0%| F|  |TAMS 0x0000000082a00000, 0x0000000082a00000| Untracked 
|   5|0x0000000082b00000, 0x0000000082b00000, 0x0000000082c00000|  0%| F|  |TAMS 0x0000000082b00000, 0x0000000082b00000| Untracked 
|   6|0x0000000082c00000, 0x0000000082c00000, 0x0000000082d00000|  0%| F|  |TAMS 0x0000000082c00000, 0x0000000082c00000| Untracked 
|   7|0x0000000082d00000, 0x0000000082d00000, 0x0000000082e00000|  0%| F|  |TAMS 0x0000000082d00000, 0x0000000082d00000| Untracked 
|   8|0x0000000082e00000, 0x0000000082e00000, 0x0000000082f00000|  0%| F|  |TAMS 0x0000000082e00000, 0x0000000082e00000| Untracked 
|   9|0x0000000082f00000, 0x0000000082f00000, 0x0000000083000000|  0%| F|  |TAMS 0x0000000082f00000, 0x0000000082f00000| Untracked 
|  10|0x0000000083000000, 0x0000000083000000, 0x0000000083100000|  0%| F|  |TAMS 0x0000000083000000, 0x0000000083000000| Untracked 
|  11|0x0000000083100000, 0x0000000083100000, 0x0000000083200000|  0%| F|  |TAMS 0x0000000083100000, 0x0000000083100000| Untracked 
|  12|0x0000000083200000, 0x0000000083200000, 0x0000000083300000|  0%| F|  |TAMS 0x0000000083200000, 0x0000000083200000| Untracked 
|  13|0x0000000083300000, 0x0000000083300000, 0x0000000083400000|  0%| F|  |TAMS 0x0000000083300000, 0x0000000083300000| Untracked 
|  14|0x0000000083400000, 0x0000000083400000, 0x0000000083500000|  0%| F|  |TAMS 0x0000000083400000, 0x0000000083400000| Untracked 
|  15|0x0000000083500000, 0x0000000083500000, 0x0000000083600000|  0%| F|  |TAMS 0x0000000083500000, 0x0000000083500000| Untracked 
|  16|0x0000000083600000, 0x0000000083600000, 0x0000000083700000|  0%| F|  |TAMS 0x0000000083600000, 0x0000000083600000| Untracked 
|  17|0x0000000083700000, 0x0000000083700000, 0x0000000083800000|  0%| F|  |TAMS 0x0000000083700000, 0x0000000083700000| Untracked 
|  18|0x0000000083800000, 0x0000000083800000, 0x0000000083900000|  0%| F|  |TAMS 0x0000000083800000, 0x0000000083800000| Untracked 
|  19|0x0000000083900000, 0x0000000083900000, 0x0000000083a00000|  0%| F|  |TAMS 0x0000000083900000, 0x0000000083900000| Untracked 
|  20|0x0000000083a00000, 0x0000000083a00000, 0x0000000083b00000|  0%| F|  |TAMS 0x0000000083a00000, 0x0000000083a00000| Untracked 
|  21|0x0000000083b00000, 0x0000000083b00000, 0x0000000083c00000|  0%| F|  |TAMS 0x0000000083b00000, 0x0000000083b00000| Untracked 
|  22|0x0000000083c00000, 0x0000000083c00000, 0x0000000083d00000|  0%| F|  |TAMS 0x0000000083c00000, 0x0000000083c00000| Untracked 
|  23|0x0000000083d00000, 0x0000000083d00000, 0x0000000083e00000|  0%| F|  |TAMS 0x0000000083d00000, 0x0000000083d00000| Untracked 
|  24|0x0000000083e00000, 0x0000000083e00000, 0x0000000083f00000|  0%| F|  |TAMS 0x0000000083e00000, 0x0000000083e00000| Untracked 
|  25|0x0000000083f00000, 0x0000000083f00000, 0x0000000084000000|  0%| F|  |TAMS 0x0000000083f00000, 0x0000000083f00000| Untracked 
|  26|0x0000000084000000, 0x0000000084000000, 0x0000000084100000|  0%| F|  |TAMS 0x0000000084000000, 0x0000000084000000| Untracked 
|  27|0x0000000084100000, 0x0000000084100000, 0x0000000084200000|  0%| F|  |TAMS 0x0000000084100000, 0x0000000084100000| Untracked 
|  28|0x0000000084200000, 0x0000000084200000, 0x0000000084300000|  0%| F|  |TAMS 0x0000000084200000, 0x0000000084200000| Untracked 
|  29|0x0000000084300000, 0x0000000084300000, 0x0000000084400000|  0%| F|  |TAMS 0x0000000084300000, 0x0000000084300000| Untracked 
|  30|0x0000000084400000, 0x0000000084400000, 0x0000000084500000|  0%| F|  |TAMS 0x0000000084400000, 0x0000000084400000| Untracked 
|  31|0x0000000084500000, 0x0000000084500000, 0x0000000084600000|  0%| F|  |TAMS 0x0000000084500000, 0x0000000084500000| Untracked 
|  32|0x0000000084600000, 0x0000000084600000, 0x0000000084700000|  0%| F|  |TAMS 0x0000000084600000, 0x0000000084600000| Untracked 
|  33|0x0000000084700000, 0x0000000084700000, 0x0000000084800000|  0%| F|  |TAMS 0x0000000084700000, 0x0000000084700000| Untracked 
|  34|0x0000000084800000, 0x0000000084800000, 0x0000000084900000|  0%| F|  |TAMS 0x0000000084800000, 0x0000000084800000| Untracked 
|  35|0x0000000084900000, 0x0000000084900000, 0x0000000084a00000|  0%| F|  |TAMS 0x0000000084900000, 0x0000000084900000| Untracked 
|  36|0x0000000084a00000, 0x0000000084a00000, 0x0000000084b00000|  0%| F|  |TAMS 0x0000000084a00000, 0x0000000084a00000| Untracked 
|  37|0x0000000084b00000, 0x0000000084b00000, 0x0000000084c00000|  0%| F|  |TAMS 0x0000000084b00000, 0x0000000084b00000| Untracked 
|  38|0x0000000084c00000, 0x0000000084c00000, 0x0000000084d00000|  0%| F|  |TAMS 0x0000000084c00000, 0x0000000084c00000| Untracked 
|  39|0x0000000084d00000, 0x0000000084d00000, 0x0000000084e00000|  0%| F|  |TAMS 0x0000000084d00000, 0x0000000084d00000| Untracked 
|  40|0x0000000084e00000, 0x0000000084e00000, 0x0000000084f00000|  0%| F|  |TAMS 0x0000000084e00000, 0x0000000084e00000| Untracked 
|  41|0x0000000084f00000, 0x0000000084f00000, 0x0000000085000000|  0%| F|  |TAMS 0x0000000084f00000, 0x0000000084f00000| Untracked 
|  42|0x0000000085000000, 0x0000000085000000, 0x0000000085100000|  0%| F|  |TAMS 0x0000000085000000, 0x0000000085000000| Untracked 
|  43|0x0000000085100000, 0x0000000085100000, 0x0000000085200000|  0%| F|  |TAMS 0x0000000085100000, 0x0000000085100000| Untracked 
|  44|0x0000000085200000, 0x0000000085200000, 0x0000000085300000|  0%| F|  |TAMS 0x0000000085200000, 0x0000000085200000| Untracked 
|  45|0x0000000085300000, 0x0000000085300000, 0x0000000085400000|  0%| F|  |TAMS 0x0000000085300000, 0x0000000085300000| Untracked 
|  46|0x0000000085400000, 0x0000000085400000, 0x0000000085500000|  0%| F|  |TAMS 0x0000000085400000, 0x0000000085400000| Untracked 
|  47|0x0000000085500000, 0x0000000085500000, 0x0000000085600000|  0%| F|  |TAMS 0x0000000085500000, 0x0000000085500000| Untracked 
|  48|0x0000000085600000, 0x0000000085600000, 0x0000000085700000|  0%| F|  |TAMS 0x0000000085600000, 0x0000000085600000| Untracked 
|  49|0x0000000085700000, 0x0000000085700000, 0x0000000085800000|  0%| F|  |TAMS 0x0000000085700000, 0x0000000085700000| Untracked 
|  50|0x0000000085800000, 0x0000000085800000, 0x0000000085900000|  0%| F|  |TAMS 0x0000000085800000, 0x0000000085800000| Untracked 
|  51|0x0000000085900000, 0x0000000085900000, 0x0000000085a00000|  0%| F|  |TAMS 0x0000000085900000, 0x0000000085900000| Untracked 
|  52|0x0000000085a00000, 0x0000000085a00000, 0x0000000085b00000|  0%| F|  |TAMS 0x0000000085a00000, 0x0000000085a00000| Untracked 
|  53|0x0000000085b00000, 0x0000000085b00000, 0x0000000085c00000|  0%| F|  |TAMS 0x0000000085b00000, 0x0000000085b00000| Untracked 
|  54|0x0000000085c00000, 0x0000000085c00000, 0x0000000085d00000|  0%| F|  |TAMS 0x0000000085c00000, 0x0000000085c00000| Untracked 
|  55|0x0000000085d00000, 0x0000000085d00000, 0x0000000085e00000|  0%| F|  |TAMS 0x0000000085d00000, 0x0000000085d00000| Untracked 
|  56|0x0000000085e00000, 0x0000000085e00000, 0x0000000085f00000|  0%| F|  |TAMS 0x0000000085e00000, 0x0000000085e00000| Untracked 
|  57|0x0000000085f00000, 0x0000000085f00000, 0x0000000086000000|  0%| F|  |TAMS 0x0000000085f00000, 0x0000000085f00000| Untracked 
|  58|0x0000000086000000, 0x0000000086000000, 0x0000000086100000|  0%| F|  |TAMS 0x0000000086000000, 0x0000000086000000| Untracked 
|  59|0x0000000086100000, 0x0000000086100000, 0x0000000086200000|  0%| F|  |TAMS 0x0000000086100000, 0x0000000086100000| Untracked 
|  60|0x0000000086200000, 0x0000000086200000, 0x0000000086300000|  0%| F|  |TAMS 0x0000000086200000, 0x0000000086200000| Untracked 
|  61|0x0000000086300000, 0x0000000086300000, 0x0000000086400000|  0%| F|  |TAMS 0x0000000086300000, 0x0000000086300000| Untracked 
|  62|0x0000000086400000, 0x0000000086400000, 0x0000000086500000|  0%| F|  |TAMS 0x0000000086400000, 0x0000000086400000| Untracked 
|  63|0x0000000086500000, 0x0000000086500000, 0x0000000086600000|  0%| F|  |TAMS 0x0000000086500000, 0x0000000086500000| Untracked 
|  64|0x0000000086600000, 0x0000000086600000, 0x0000000086700000|  0%| F|  |TAMS 0x0000000086600000, 0x0000000086600000| Untracked 
|  65|0x0000000086700000, 0x0000000086700000, 0x0000000086800000|  0%| F|  |TAMS 0x0000000086700000, 0x0000000086700000| Untracked 
|  66|0x0000000086800000, 0x0000000086800000, 0x0000000086900000|  0%| F|  |TAMS 0x0000000086800000, 0x0000000086800000| Untracked 
|  67|0x0000000086900000, 0x0000000086900000, 0x0000000086a00000|  0%| F|  |TAMS 0x0000000086900000, 0x0000000086900000| Untracked 
|  68|0x0000000086a00000, 0x0000000086a00000, 0x0000000086b00000|  0%| F|  |TAMS 0x0000000086a00000, 0x0000000086a00000| Untracked 
|  69|0x0000000086b00000, 0x0000000086b00000, 0x0000000086c00000|  0%| F|  |TAMS 0x0000000086b00000, 0x0000000086b00000| Untracked 
|  70|0x0000000086c00000, 0x0000000086c00000, 0x0000000086d00000|  0%| F|  |TAMS 0x0000000086c00000, 0x0000000086c00000| Untracked 
|  71|0x0000000086d00000, 0x0000000086d00000, 0x0000000086e00000|  0%| F|  |TAMS 0x0000000086d00000, 0x0000000086d00000| Untracked 
|  72|0x0000000086e00000, 0x0000000086e00000, 0x0000000086f00000|  0%| F|  |TAMS 0x0000000086e00000, 0x0000000086e00000| Untracked 
|  73|0x0000000086f00000, 0x0000000086f00000, 0x0000000087000000|  0%| F|  |TAMS 0x0000000086f00000, 0x0000000086f00000| Untracked 
|  74|0x0000000087000000, 0x0000000087000000, 0x0000000087100000|  0%| F|  |TAMS 0x0000000087000000, 0x0000000087000000| Untracked 
|  75|0x0000000087100000, 0x0000000087100000, 0x0000000087200000|  0%| F|  |TAMS 0x0000000087100000, 0x0000000087100000| Untracked 
|  76|0x0000000087200000, 0x0000000087200000, 0x0000000087300000|  0%| F|  |TAMS 0x0000000087200000, 0x0000000087200000| Untracked 
|  77|0x0000000087300000, 0x0000000087300000, 0x0000000087400000|  0%| F|  |TAMS 0x0000000087300000, 0x0000000087300000| Untracked 
|  78|0x0000000087400000, 0x0000000087400000, 0x0000000087500000|  0%| F|  |TAMS 0x0000000087400000, 0x0000000087400000| Untracked 
|  79|0x0000000087500000, 0x0000000087500000, 0x0000000087600000|  0%| F|  |TAMS 0x0000000087500000, 0x0000000087500000| Untracked 
|  80|0x0000000087600000, 0x0000000087600000, 0x0000000087700000|  0%| F|  |TAMS 0x0000000087600000, 0x0000000087600000| Untracked 
|  81|0x0000000087700000, 0x0000000087700000, 0x0000000087800000|  0%| F|  |TAMS 0x0000000087700000, 0x0000000087700000| Untracked 
|  82|0x0000000087800000, 0x0000000087800000, 0x0000000087900000|  0%| F|  |TAMS 0x0000000087800000, 0x0000000087800000| Untracked 
|  83|0x0000000087900000, 0x0000000087900000, 0x0000000087a00000|  0%| F|  |TAMS 0x0000000087900000, 0x0000000087900000| Untracked 
|  84|0x0000000087a00000, 0x0000000087a00000, 0x0000000087b00000|  0%| F|  |TAMS 0x0000000087a00000, 0x0000000087a00000| Untracked 
|  85|0x0000000087b00000, 0x0000000087b00000, 0x0000000087c00000|  0%| F|  |TAMS 0x0000000087b00000, 0x0000000087b00000| Untracked 
|  86|0x0000000087c00000, 0x0000000087c00000, 0x0000000087d00000|  0%| F|  |TAMS 0x0000000087c00000, 0x0000000087c00000| Untracked 
|  87|0x0000000087d00000, 0x0000000087d00000, 0x0000000087e00000|  0%| F|  |TAMS 0x0000000087d00000, 0x0000000087d00000| Untracked 
|  88|0x0000000087e00000, 0x0000000087e00000, 0x0000000087f00000|  0%| F|  |TAMS 0x0000000087e00000, 0x0000000087e00000| Untracked 
|  89|0x0000000087f00000, 0x0000000087f00000, 0x0000000088000000|  0%| F|  |TAMS 0x0000000087f00000, 0x0000000087f00000| Untracked 
|  90|0x0000000088000000, 0x0000000088000000, 0x0000000088100000|  0%| F|  |TAMS 0x0000000088000000, 0x0000000088000000| Untracked 
|  91|0x0000000088100000, 0x0000000088100000, 0x0000000088200000|  0%| F|  |TAMS 0x0000000088100000, 0x0000000088100000| Untracked 
|  92|0x0000000088200000, 0x0000000088200000, 0x0000000088300000|  0%| F|  |TAMS 0x0000000088200000, 0x0000000088200000| Untracked 
|  93|0x0000000088300000, 0x0000000088300000, 0x0000000088400000|  0%| F|  |TAMS 0x0000000088300000, 0x0000000088300000| Untracked 
|  94|0x0000000088400000, 0x0000000088400000, 0x0000000088500000|  0%| F|  |TAMS 0x0000000088400000, 0x0000000088400000| Untracked 
|  95|0x0000000088500000, 0x0000000088500000, 0x0000000088600000|  0%| F|  |TAMS 0x0000000088500000, 0x0000000088500000| Untracked 
|  96|0x0000000088600000, 0x0000000088600000, 0x0000000088700000|  0%| F|  |TAMS 0x0000000088600000, 0x0000000088600000| Untracked 
|  97|0x0000000088700000, 0x0000000088700000, 0x0000000088800000|  0%| F|  |TAMS 0x0000000088700000, 0x0000000088700000| Untracked 
|  98|0x0000000088800000, 0x0000000088800000, 0x0000000088900000|  0%| F|  |TAMS 0x0000000088800000, 0x0000000088800000| Untracked 
|  99|0x0000000088900000, 0x0000000088900000, 0x0000000088a00000|  0%| F|  |TAMS 0x0000000088900000, 0x0000000088900000| Untracked 
| 100|0x0000000088a00000, 0x0000000088a00000, 0x0000000088b00000|  0%| F|  |TAMS 0x0000000088a00000, 0x0000000088a00000| Untracked 
| 101|0x0000000088b00000, 0x0000000088b00000, 0x0000000088c00000|  0%| F|  |TAMS 0x0000000088b00000, 0x0000000088b00000| Untracked 
| 102|0x0000000088c00000, 0x0000000088c00000, 0x0000000088d00000|  0%| F|  |TAMS 0x0000000088c00000, 0x0000000088c00000| Untracked 
| 103|0x0000000088d00000, 0x0000000088d00000, 0x0000000088e00000|  0%| F|  |TAMS 0x0000000088d00000, 0x0000000088d00000| Untracked 
| 104|0x0000000088e00000, 0x0000000088e00000, 0x0000000088f00000|  0%| F|  |TAMS 0x0000000088e00000, 0x0000000088e00000| Untracked 
| 105|0x0000000088f00000, 0x0000000088f00000, 0x0000000089000000|  0%| F|  |TAMS 0x0000000088f00000, 0x0000000088f00000| Untracked 
| 106|0x0000000089000000, 0x0000000089000000, 0x0000000089100000|  0%| F|  |TAMS 0x0000000089000000, 0x0000000089000000| Untracked 
| 107|0x0000000089100000, 0x0000000089100000, 0x0000000089200000|  0%| F|  |TAMS 0x0000000089100000, 0x0000000089100000| Untracked 
| 108|0x0000000089200000, 0x0000000089200000, 0x0000000089300000|  0%| F|  |TAMS 0x0000000089200000, 0x0000000089200000| Untracked 
| 109|0x0000000089300000, 0x0000000089300000, 0x0000000089400000|  0%| F|  |TAMS 0x0000000089300000, 0x0000000089300000| Untracked 
| 110|0x0000000089400000, 0x0000000089400000, 0x0000000089500000|  0%| F|  |TAMS 0x0000000089400000, 0x0000000089400000| Untracked 
| 111|0x0000000089500000, 0x0000000089500000, 0x0000000089600000|  0%| F|  |TAMS 0x0000000089500000, 0x0000000089500000| Untracked 
| 112|0x0000000089600000, 0x0000000089600000, 0x0000000089700000|  0%| F|  |TAMS 0x0000000089600000, 0x0000000089600000| Untracked 
| 113|0x0000000089700000, 0x0000000089700000, 0x0000000089800000|  0%| F|  |TAMS 0x0000000089700000, 0x0000000089700000| Untracked 
| 114|0x0000000089800000, 0x0000000089800000, 0x0000000089900000|  0%| F|  |TAMS 0x0000000089800000, 0x0000000089800000| Untracked 
| 115|0x0000000089900000, 0x0000000089900000, 0x0000000089a00000|  0%| F|  |TAMS 0x0000000089900000, 0x0000000089900000| Untracked 
| 116|0x0000000089a00000, 0x0000000089a00000, 0x0000000089b00000|  0%| F|  |TAMS 0x0000000089a00000, 0x0000000089a00000| Untracked 
| 117|0x0000000089b00000, 0x0000000089b00000, 0x0000000089c00000|  0%| F|  |TAMS 0x0000000089b00000, 0x0000000089b00000| Untracked 
| 118|0x0000000089c00000, 0x0000000089c00000, 0x0000000089d00000|  0%| F|  |TAMS 0x0000000089c00000, 0x0000000089c00000| Untracked 
| 119|0x0000000089d00000, 0x0000000089d00000, 0x0000000089e00000|  0%| F|  |TAMS 0x0000000089d00000, 0x0000000089d00000| Untracked 
| 120|0x0000000089e00000, 0x0000000089e00000, 0x0000000089f00000|  0%| F|  |TAMS 0x0000000089e00000, 0x0000000089e00000| Untracked 
| 121|0x0000000089f00000, 0x0000000089f00000, 0x000000008a000000|  0%| F|  |TAMS 0x0000000089f00000, 0x0000000089f00000| Untracked 
| 122|0x000000008a000000, 0x000000008a000000, 0x000000008a100000|  0%| F|  |TAMS 0x000000008a000000, 0x000000008a000000| Untracked 
| 123|0x000000008a100000, 0x000000008a100000, 0x000000008a200000|  0%| F|  |TAMS 0x000000008a100000, 0x000000008a100000| Untracked 
| 124|0x000000008a200000, 0x000000008a276478, 0x000000008a300000| 46%| E|  |TAMS 0x000000008a200000, 0x000000008a200000| Complete 
| 125|0x000000008a300000, 0x000000008a400000, 0x000000008a400000|100%| E|CS|TAMS 0x000000008a300000, 0x000000008a300000| Complete 

Card table byte_map: [0x000002bd1c000000,0x000002bd1c3f0000] _byte_map_base: 0x000002bd1bbed000

Marking Bits (Prev, Next): (CMBitMap*) 0x000002bd092af4c0, (CMBitMap*) 0x000002bd092af500
 Prev Bits: [0x000002bd1c7e0000, 0x000002bd1e748000)
 Next Bits: [0x000002bd1e750000, 0x000002bd206b8000)

Polling page: 0x000002bd089f0000

Metaspace:

Usage:
  Non-class:      4.76 MB used.
      Class:    420.49 KB used.
       Both:      5.17 MB used.

Virtual space:
  Non-class space:        8.00 MB reserved,       4.81 MB ( 60%) committed,  1 nodes.
      Class space:        1.00 GB reserved,     512.00 KB ( <1%) committed,  1 nodes.
             Both:        1.01 GB reserved,       5.31 MB ( <1%) committed. 

Chunk freelists:
   Non-Class:  2.99 MB
       Class:  3.56 MB
        Both:  6.55 MB

MaxMetaspaceSize: unlimited
CompressedClassSpaceSize: 1.00 GB
Initial GC threshold: 21.00 MB
Current GC threshold: 21.00 MB
CDS: off
MetaspaceReclaimPolicy: balanced
 - commit_granule_bytes: 65536.
 - commit_granule_words: 8192.
 - virtual_space_node_default_size: 1048576.
 - enlarge_chunks_in_place: 1.
 - new_chunks_are_fully_committed: 0.
 - uncommit_free_chunks: 1.
 - use_allocation_guard: 0.
 - handle_deallocations: 1.


Internal statistics:

num_allocs_failed_limit: 0.
num_arena_births: 6.
num_arena_deaths: 0.
num_vsnodes_births: 2.
num_vsnodes_deaths: 0.
num_space_committed: 85.
num_space_uncommitted: 0.
num_chunks_returned_to_freelist: 0.
num_chunks_taken_from_freelist: 11.
num_chunk_merges: 0.
num_chunk_splits: 4.
num_chunks_enlarged: 2.
num_purges: 0.
num_inconsistent_stats: 0.

CodeHeap 'non-profiled nmethods': size=120000Kb used=37Kb max_used=37Kb free=119962Kb
 bounds [0x000002bd143b0000, 0x000002bd14620000, 0x000002bd1b8e0000]
CodeHeap 'profiled nmethods': size=120000Kb used=110Kb max_used=110Kb free=119889Kb
 bounds [0x000002bd0c8e0000, 0x000002bd0cb50000, 0x000002bd13e10000]
CodeHeap 'non-nmethods': size=5760Kb used=1073Kb max_used=1073Kb free=4686Kb
 bounds [0x000002bd13e10000, 0x000002bd14080000, 0x000002bd143b0000]
 total_blobs=454 nmethods=113 adapters=254
 compilation: enabled
              stopped_count=0, restarted_count=0
 full_count=0

Compilation events (20 events):
Event: 0.271 Thread 0x000002bd23cc8130 nmethod 94 0x000002bd0c8f8510 code [0x000002bd0c8f86c0, 0x000002bd0c8f8958]
Event: 0.272 Thread 0x000002bd23cc8130   95       3       java.lang.invoke.MemberName::testAnyFlags (15 bytes)
Event: 0.272 Thread 0x000002bd23cc8130 nmethod 95 0x000002bd0c8f8a90 code [0x000002bd0c8f8c40, 0x000002bd0c8f8e78]
Event: 0.272 Thread 0x000002bd23cc8130   97       1       java.lang.invoke.MemberName::getDeclaringClass (5 bytes)
Event: 0.272 Thread 0x000002bd23cc8130 nmethod 97 0x000002bd143b6c90 code [0x000002bd143b6e20, 0x000002bd143b6ef8]
Event: 0.272 Thread 0x000002bd23cc8130   98       3       java.lang.invoke.MethodType$ConcurrentWeakInternSet::expungeStaleElements (27 bytes)
Event: 0.272 Thread 0x000002bd23cc8130 nmethod 98 0x000002bd0c8f8f10 code [0x000002bd0c8f9100, 0x000002bd0c8f95f8]
Event: 0.272 Thread 0x000002bd23cc8130  100       1       java.lang.invoke.MethodType::ptypes (5 bytes)
Event: 0.272 Thread 0x000002bd23cc8130 nmethod 100 0x000002bd143b7b90 code [0x000002bd143b7d20, 0x000002bd143b7df8]
Event: 0.279 Thread 0x000002bd23cc8130  107       3       java.util.HashMap::resize (356 bytes)
Event: 0.282 Thread 0x000002bd23c5eb50  110       4       java.lang.String::hashCode (60 bytes)
Event: 0.282 Thread 0x000002bd23cc8130 nmethod 107 0x000002bd0c8f9810 code [0x000002bd0c8f9ac0, 0x000002bd0c8faf08]
Event: 0.282 Thread 0x000002bd23cc8130  108       3       sun.util.locale.LocaleUtils::isUpper (18 bytes)
Event: 0.283 Thread 0x000002bd23cc8130 nmethod 108 0x000002bd0c8fb390 code [0x000002bd0c8fb520, 0x000002bd0c8fb698]
Event: 0.283 Thread 0x000002bd23cc8130  109       1       sun.util.locale.BaseLocale::getLanguage (5 bytes)
Event: 0.283 Thread 0x000002bd23cc8130 nmethod 109 0x000002bd143b8a90 code [0x000002bd143b8c20, 0x000002bd143b8cf8]
Event: 0.283 Thread 0x000002bd23cc8130  111       1       java.lang.invoke.MethodType::form (5 bytes)
Event: 0.283 Thread 0x000002bd23cc8130 nmethod 111 0x000002bd143b9190 code [0x000002bd143b9320, 0x000002bd143b93f8]
Event: 0.283 Thread 0x000002bd23cc8130  114       3       jdk.internal.org.objectweb.asm.SymbolTable::get (13 bytes)
Event: 0.283 Thread 0x000002bd23cc8130 nmethod 114 0x000002bd0c8fb710 code [0x000002bd0c8fb8a0, 0x000002bd0c8fb9f8]

GC Heap History (0 events):
No events

Dll operation events (1 events):
Event: 0.012 Loaded shared library C:\Users\saura\.p2\pool\plugins\org.eclipse.justj.openjdk.hotspot.jre.full.win32.x86_64_17.0.6.v20230204-1729\jre\bin\java.dll

Deoptimization events (0 events):
No events

Classes unloaded (0 events):
No events

Classes redefined (0 events):
No events

Internal exceptions (0 events):
No events

VM Operations (0 events):
No events

Events (20 events):
Event: 0.281 loading class sun/util/locale/InternalLocaleBuilder$CaseInsensitiveChar done
Event: 0.283 loading class java/util/ServiceLoader
Event: 0.283 loading class java/util/ServiceLoader done
Event: 0.283 loading class java/util/ServiceLoader$ModuleServicesLookupIterator
Event: 0.284 loading class java/util/ServiceLoader$ModuleServicesLookupIterator done
Event: 0.284 loading class java/util/concurrent/CopyOnWriteArrayList$COWIterator
Event: 0.284 loading class java/util/concurrent/CopyOnWriteArrayList$COWIterator done
Event: 0.284 loading class java/util/ServiceLoader$LazyClassPathLookupIterator
Event: 0.284 loading class java/util/ServiceLoader$LazyClassPathLookupIterator done
Event: 0.284 loading class java/util/ServiceLoader$2
Event: 0.284 loading class java/util/ServiceLoader$2 done
Event: 0.284 loading class java/util/ServiceLoader$3
Event: 0.284 loading class java/util/ServiceLoader$3 done
Event: 0.284 loading class jdk/internal/loader/BuiltinClassLoader$5
Event: 0.284 loading class jdk/internal/loader/BuiltinClassLoader$5 done
Event: 0.284 loading class jdk/internal/module/SystemModuleFinders$SystemModuleReader
Event: 0.284 loading class java/lang/module/ModuleReader
Event: 0.284 loading class java/lang/module/ModuleReader done
Event: 0.284 loading class jdk/internal/module/SystemModuleFinders$SystemModuleReader done
Event: 0.284 loading class jdk/internal/module/ModulePatcher$PatchedModuleReader


Dynamic libraries:
0x00007ff7b69a0000 - 0x00007ff7b69ae000 	C:\Users\saura\.p2\pool\plugins\org.eclipse.justj.openjdk.hotspot.jre.full.win32.x86_64_17.0.6.v20230204-1729\jre\bin\javaw.exe
0x00007ffa7ded0000 - 0x00007ffa7e0e4000 	C:\WINDOWS\SYSTEM32\ntdll.dll
0x00007ffa7c990000 - 0x00007ffa7ca52000 	C:\WINDOWS\System32\KERNEL32.DLL
0x00007ffa7b310000 - 0x00007ffa7b6ac000 	C:\WINDOWS\System32\KERNELBASE.dll
0x0000000053650000 - 0x0000000053981000 	C:\Program Files\Norton Security\NortonData\22.22.6.10\Definitions\IPSDefs\20230418.061\IPSEng64.dll
0x00007ffa7c4e0000 - 0x00007ffa7c58e000 	C:\WINDOWS\System32\ADVAPI32.dll
0x00007ffa7c7c0000 - 0x00007ffa7c867000 	C:\WINDOWS\System32\msvcrt.dll
0x00007ffa7c2e0000 - 0x00007ffa7c384000 	C:\WINDOWS\System32\sechost.dll
0x00007ffa7c020000 - 0x00007ffa7c137000 	C:\WINDOWS\System32\RPCRT4.dll
0x00007ffa7d270000 - 0x00007ffa7d278000 	C:\WINDOWS\System32\PSAPI.DLL
0x00007ffa7bb00000 - 0x00007ffa7bc11000 	C:\WINDOWS\System32\ucrtbase.dll
0x00007ffa74710000 - 0x00007ffa74729000 	C:\Users\saura\.p2\pool\plugins\org.eclipse.justj.openjdk.hotspot.jre.full.win32.x86_64_17.0.6.v20230204-1729\jre\bin\VCRUNTIME140.dll
0x00007ffa69fe0000 - 0x00007ffa69ff7000 	C:\Users\saura\.p2\pool\plugins\org.eclipse.justj.openjdk.hotspot.jre.full.win32.x86_64_17.0.6.v20230204-1729\jre\bin\jli.dll
0x00007ffa7dce0000 - 0x00007ffa7de8b000 	C:\WINDOWS\System32\USER32.dll
0x00007ffa7b6b0000 - 0x00007ffa7b6d6000 	C:\WINDOWS\System32\win32u.dll
0x00007ffa7d6e0000 - 0x00007ffa7d709000 	C:\WINDOWS\System32\GDI32.dll
0x00007ffa5b950000 - 0x00007ffa5bbde000 	C:\WINDOWS\WinSxS\amd64_microsoft.windows.common-controls_6595b64144ccf1df_6.0.22621.608_none_a9444ca7c10bb01d\COMCTL32.dll
0x00007ffa7b8c0000 - 0x00007ffa7b9d3000 	C:\WINDOWS\System32\gdi32full.dll
0x00007ffa7b9e0000 - 0x00007ffa7ba7a000 	C:\WINDOWS\System32\msvcp_win.dll
0x00007ffa7c390000 - 0x00007ffa7c3c1000 	C:\WINDOWS\System32\IMM32.DLL
0x00007ffa69fd0000 - 0x00007ffa69fdc000 	C:\Users\saura\.p2\pool\plugins\org.eclipse.justj.openjdk.hotspot.jre.full.win32.x86_64_17.0.6.v20230204-1729\jre\bin\vcruntime140_1.dll
0x00007ffa42090000 - 0x00007ffa42121000 	C:\Users\saura\.p2\pool\plugins\org.eclipse.justj.openjdk.hotspot.jre.full.win32.x86_64_17.0.6.v20230204-1729\jre\bin\msvcp140.dll
0x00007ffa07bd0000 - 0x00007ffa08817000 	C:\Users\saura\.p2\pool\plugins\org.eclipse.justj.openjdk.hotspot.jre.full.win32.x86_64_17.0.6.v20230204-1729\jre\bin\server\jvm.dll
0x00007ffa77280000 - 0x00007ffa77289000 	C:\WINDOWS\SYSTEM32\WSOCK32.dll
0x00007ffa73290000 - 0x00007ffa7329a000 	C:\WINDOWS\SYSTEM32\VERSION.dll
0x00007ffa740a0000 - 0x00007ffa740d4000 	C:\WINDOWS\SYSTEM32\WINMM.dll
0x00007ffa7d2d0000 - 0x00007ffa7d341000 	C:\WINDOWS\System32\WS2_32.dll
0x00007ffa7a320000 - 0x00007ffa7a338000 	C:\WINDOWS\SYSTEM32\kernel.appcore.dll
0x00007ffa75900000 - 0x00007ffa7590a000 	C:\Users\saura\.p2\pool\plugins\org.eclipse.justj.openjdk.hotspot.jre.full.win32.x86_64_17.0.6.v20230204-1729\jre\bin\jimage.dll
0x00007ffa6a190000 - 0x00007ffa6a3be000 	C:\WINDOWS\SYSTEM32\DBGHELP.DLL
0x00007ffa7d350000 - 0x00007ffa7d6d9000 	C:\WINDOWS\System32\combase.dll
0x00007ffa7c5a0000 - 0x00007ffa7c677000 	C:\WINDOWS\System32\OLEAUT32.dll
0x00007ffa69720000 - 0x00007ffa69752000 	C:\WINDOWS\SYSTEM32\dbgcore.DLL
0x00007ffa7ba80000 - 0x00007ffa7bafb000 	C:\WINDOWS\System32\bcryptPrimitives.dll
0x00007ffa752c0000 - 0x00007ffa752e5000 	C:\Users\saura\.p2\pool\plugins\org.eclipse.justj.openjdk.hotspot.jre.full.win32.x86_64_17.0.6.v20230204-1729\jre\bin\java.dll
0x00007ffa75200000 - 0x00007ffa75218000 	C:\Users\saura\.p2\pool\plugins\org.eclipse.justj.openjdk.hotspot.jre.full.win32.x86_64_17.0.6.v20230204-1729\jre\bin\zip.dll
0x00007ffa7ca60000 - 0x00007ffa7d250000 	C:\WINDOWS\System32\SHELL32.dll
0x00007ffa792d0000 - 0x00007ffa79b9d000 	C:\WINDOWS\SYSTEM32\windows.storage.dll
0x00007ffa79190000 - 0x00007ffa792ce000 	C:\WINDOWS\SYSTEM32\wintypes.dll
0x00007ffa7bf20000 - 0x00007ffa7c011000 	C:\WINDOWS\System32\SHCORE.dll
0x00007ffa7c680000 - 0x00007ffa7c6de000 	C:\WINDOWS\System32\shlwapi.dll
0x00007ffa7b240000 - 0x00007ffa7b261000 	C:\WINDOWS\SYSTEM32\profapi.dll

dbghelp: loaded successfully - version: 4.0.5 - missing functions: none
symbol engine: initialized successfully - sym options: 0x614 - pdb path: .;C:\Users\saura\.p2\pool\plugins\org.eclipse.justj.openjdk.hotspot.jre.full.win32.x86_64_17.0.6.v20230204-1729\jre\bin;C:\WINDOWS\SYSTEM32;C:\Program Files\Norton Security\NortonData\22.22.6.10\Definitions\IPSDefs\20230418.061;C:\WINDOWS\WinSxS\amd64_microsoft.windows.common-controls_6595b64144ccf1df_6.0.22621.608_none_a9444ca7c10bb01d;C:\Users\saura\.p2\pool\plugins\org.eclipse.justj.openjdk.hotspot.jre.full.win32.x86_64_17.0.6.v20230204-1729\jre\bin\server

VM Arguments:
jvm_args: -Dfile.encoding=UTF-8 -XX:+ShowCodeDetailsInExceptionMessages 
java_command: org.example.main.Program
java_class_path (initial): C:\Users\saura\OneDrive\Desktop\CDAC\OOPJ\Daily Practice\Assignment5\Exam 1 -Library Management System\bin
Launcher Type: SUN_STANDARD

[Global flags]
     intx CICompilerCount                          = 4                                         {product} {ergonomic}
     uint ConcGCThreads                            = 2                                         {product} {ergonomic}
     uint G1ConcRefinementThreads                  = 8                                         {product} {ergonomic}
   size_t G1HeapRegionSize                         = 1048576                                   {product} {ergonomic}
    uintx GCDrainStackTargetSize                   = 64                                        {product} {ergonomic}
   size_t InitialHeapSize                          = 132120576                                 {product} {ergonomic}
   size_t MarkStackSize                            = 4194304                                   {product} {ergonomic}
   size_t MaxHeapSize                              = 2107637760                                {product} {ergonomic}
   size_t MaxNewSize                               = 1264582656                                {product} {ergonomic}
   size_t MinHeapDeltaBytes                        = 1048576                                   {product} {ergonomic}
   size_t MinHeapSize                              = 8388608                                   {product} {ergonomic}
    uintx NonNMethodCodeHeapSize                   = 5839372                                {pd product} {ergonomic}
    uintx NonProfiledCodeHeapSize                  = 122909434                              {pd product} {ergonomic}
    uintx ProfiledCodeHeapSize                     = 122909434                              {pd product} {ergonomic}
    uintx ReservedCodeCacheSize                    = 251658240                              {pd product} {ergonomic}
     bool SegmentedCodeCache                       = true                                      {product} {ergonomic}
     bool ShowCodeDetailsInExceptionMessages       = true                                   {manageable} {command line}
   size_t SoftMaxHeapSize                          = 2107637760                             {manageable} {ergonomic}
     bool UseCompressedClassPointers               = true                           {product lp64_product} {ergonomic}
     bool UseCompressedOops                        = true                           {product lp64_product} {ergonomic}
     bool UseG1GC                                  = true                                      {product} {ergonomic}
     bool UseLargePagesIndividualAllocation        = false                                  {pd product} {ergonomic}

Logging:
Log output configuration:
 #0: stdout all=warning uptime,level,tags
 #1: stderr all=off uptime,level,tags

Environment Variables:
CLASSPATH=.\bin;
PATH=C:/Users/saura/.p2/pool/plugins/org.eclipse.justj.openjdk.hotspot.jre.full.win32.x86_64_17.0.6.v20230204-1729/jre/bin/server;C:/Users/saura/.p2/pool/plugins/org.eclipse.justj.openjdk.hotspot.jre.full.win32.x86_64_17.0.6.v20230204-1729/jre/bin;C:\Program Files (x86)\Common Files\Oracle\Java\javapath;C:\Python311\Scripts\;C:\Python311\;C:\Program Files (x86)\Intel\Intel(R) Management Engine Components\iCLS\;C:\Program Files\Intel\Intel(R) Management Engine Components\iCLS\;C:\Windows\system32;C:\Windows;C:\Windows\System32\Wbem;C:\Windows\System32\WindowsPowerShell\v1.0\;C:\Windows\System32\OpenSSH\;C:\Program Files (x86)\Intel\Intel(R) Management Engine Components\DAL;C:\Program Files\Intel\Intel(R) Management Engine Components\DAL;C:\Program Files (x86)\Intel\Intel(R) Management Engine Components\IPT;C:\Program Files\Intel\Intel(R) Management Engine Components\IPT;C:\Program Files (x86)\NVIDIA Corporation\PhysX\Common;C:\WINDOWS\system32;C:\WINDOWS;C:\WINDOWS\System32\Wbem;C:\WINDOWS\System32\WindowsPowerShell\v1.0\;C:\WINDOWS\System32\OpenSSH\;C:\Program Files\nodejs\;C:\ProgramData\chocolatey\bin;C:\Program Files\Git\cmd;C:\Program Files\MongoDB\Server\6.0\bin;C:\Program Files\Java\jdk1.8.0_202;C:\Users\saura\AppData\Local\Microsoft\WindowsApps;C:\Users\saura\AppData\Local\Programs\Microsoft VS Code\bin;C:\Program Files\JetBrains\IntelliJ IDEA Community Edition 2022.3.1\bin;;C:\Users\saura\AppData\Roaming\npm;C:\Program Files\Java\jdk1.8.0_202;C:\Program Files\Java\jdk1.8.0_202\bin;C:\Program Files\Java\jre1.8.0_202\bin;;C:\WINDOWS\system32;
USERNAME=saura
OS=Windows_NT
PROCESSOR_IDENTIFIER=Intel64 Family 6 Model 158 Stepping 10, GenuineIntel
TMP=C:\Users\saura\AppData\Local\Temp
TEMP=C:\Users\saura\AppData\Local\Temp



---------------  S Y S T E M  ---------------

OS:
 Windows 11 , 64 bit Build 22621 (10.0.22621.1485)
OS uptime: 4 days 4:47 hours
Hyper-V role detected

CPU: total 8 (initial active 8) (4 cores per cpu, 2 threads per core) family 6 model 158 stepping 10 microcode 0xde, cx8, cmov, fxsr, ht, mmx, 3dnowpref, sse, sse2, sse3, ssse3, sse4.1, sse4.2, popcnt, lzcnt, tsc, tscinvbit, avx, avx2, aes, erms, clmul, bmi1, bmi2, adx, fma, vzeroupper, clflush, clflushopt, hv

Memory: 4k page, system-wide physical 8034M (426M free)
TotalPageFile size 23075M (AvailPageFile size 2M)
current process WorkingSet (physical memory assigned to process): 33M, peak: 33M
current process commit charge ("private bytes"): 202M, peak: 202M

vm_info: OpenJDK 64-Bit Server VM (17.0.6+10) for windows-amd64 JRE (17.0.6+10), built on Jan 18 2023 10:08:59 by "temurin" with MS VC++ 16.7 (VS2019)

END.
